{"/home/idayat/SchoolProjects/M2_integration_et_déploiement/test-form-exemple/src/App.js": {"path":"/home/idayat/SchoolProjects/M2_integration_et_déploiement/test-form-exemple/src/App.js","statementMap":{"0":{"start":{"line":8,"column":4},"end":{"line":24,"column":6}}},"fnMap":{"0":{"name":"App","decl":{"start":{"line":7,"column":9},"end":{"line":7,"column":12}},"loc":{"start":{"line":7,"column":15},"end":{"line":25,"column":1}},"line":7}},"branchMap":{},"s":{"0":1},"f":{"0":1},"b":{},"_coverageSchema":"1a1c01bbd47fc00a2c39e90264f33305004495a9","hash":"56276edc32041ef27722eb54411d175b765c66b4"}
,"/home/idayat/SchoolProjects/M2_integration_et_déploiement/test-form-exemple/src/component/Formulaire.jsx": {"path":"/home/idayat/SchoolProjects/M2_integration_et_déploiement/test-form-exemple/src/component/Formulaire.jsx","statementMap":{"0":{"start":{"line":5,"column":26},"end":{"line":110,"column":1}},"1":{"start":{"line":6,"column":36},"end":{"line":13,"column":6}},"2":{"start":{"line":14,"column":42},"end":{"line":14,"column":57}},"3":{"start":{"line":15,"column":4},"end":{"line":17,"column":21}},"4":{"start":{"line":16,"column":8},"end":{"line":16,"column":46}},"5":{"start":{"line":20,"column":4},"end":{"line":109,"column":5}},"6":{"start":{"line":23,"column":16},"end":{"line":23,"column":35}},"7":{"start":{"line":24,"column":31},"end":{"line":24,"column":53}},"8":{"start":{"line":25,"column":16},"end":{"line":28,"column":17}},"9":{"start":{"line":26,"column":20},"end":{"line":26,"column":41}},"10":{"start":{"line":27,"column":20},"end":{"line":27,"column":33}},"11":{"start":{"line":29,"column":16},"end":{"line":29,"column":35}},"12":{"start":{"line":36,"column":40},"end":{"line":36,"column":61}},"13":{"start":{"line":37,"column":27},"end":{"line":40,"column":30}},"14":{"start":{"line":37,"column":49},"end":{"line":40,"column":28}},"15":{"start":{"line":48,"column":40},"end":{"line":48,"column":64}},"16":{"start":{"line":49,"column":27},"end":{"line":52,"column":30}},"17":{"start":{"line":49,"column":49},"end":{"line":52,"column":28}},"18":{"start":{"line":60,"column":40},"end":{"line":60,"column":63}},"19":{"start":{"line":61,"column":27},"end":{"line":64,"column":30}},"20":{"start":{"line":61,"column":49},"end":{"line":64,"column":28}},"21":{"start":{"line":72,"column":40},"end":{"line":72,"column":62}},"22":{"start":{"line":73,"column":27},"end":{"line":76,"column":30}},"23":{"start":{"line":73,"column":49},"end":{"line":76,"column":28}},"24":{"start":{"line":84,"column":40},"end":{"line":84,"column":63}},"25":{"start":{"line":85,"column":27},"end":{"line":88,"column":30}},"26":{"start":{"line":85,"column":49},"end":{"line":88,"column":28}},"27":{"start":{"line":96,"column":40},"end":{"line":96,"column":62}},"28":{"start":{"line":97,"column":27},"end":{"line":100,"column":30}},"29":{"start":{"line":97,"column":49},"end":{"line":100,"column":28}}},"fnMap":{"0":{"name":"(anonymous_0)","decl":{"start":{"line":5,"column":26},"end":{"line":5,"column":27}},"loc":{"start":{"line":5,"column":32},"end":{"line":110,"column":1}},"line":5},"1":{"name":"(anonymous_1)","decl":{"start":{"line":15,"column":14},"end":{"line":15,"column":15}},"loc":{"start":{"line":15,"column":20},"end":{"line":17,"column":5}},"line":15},"2":{"name":"(anonymous_2)","decl":{"start":{"line":22,"column":12},"end":{"line":22,"column":13}},"loc":{"start":{"line":22,"column":17},"end":{"line":30,"column":9}},"line":22},"3":{"name":"(anonymous_3)","decl":{"start":{"line":35,"column":32},"end":{"line":35,"column":33}},"loc":{"start":{"line":35,"column":39},"end":{"line":41,"column":24}},"line":35},"4":{"name":"(anonymous_4)","decl":{"start":{"line":37,"column":40},"end":{"line":37,"column":41}},"loc":{"start":{"line":37,"column":49},"end":{"line":40,"column":28}},"line":37},"5":{"name":"(anonymous_5)","decl":{"start":{"line":47,"column":32},"end":{"line":47,"column":33}},"loc":{"start":{"line":47,"column":39},"end":{"line":53,"column":24}},"line":47},"6":{"name":"(anonymous_6)","decl":{"start":{"line":49,"column":40},"end":{"line":49,"column":41}},"loc":{"start":{"line":49,"column":49},"end":{"line":52,"column":28}},"line":49},"7":{"name":"(anonymous_7)","decl":{"start":{"line":59,"column":32},"end":{"line":59,"column":33}},"loc":{"start":{"line":59,"column":39},"end":{"line":65,"column":24}},"line":59},"8":{"name":"(anonymous_8)","decl":{"start":{"line":61,"column":40},"end":{"line":61,"column":41}},"loc":{"start":{"line":61,"column":49},"end":{"line":64,"column":28}},"line":61},"9":{"name":"(anonymous_9)","decl":{"start":{"line":71,"column":32},"end":{"line":71,"column":33}},"loc":{"start":{"line":71,"column":39},"end":{"line":77,"column":24}},"line":71},"10":{"name":"(anonymous_10)","decl":{"start":{"line":73,"column":40},"end":{"line":73,"column":41}},"loc":{"start":{"line":73,"column":49},"end":{"line":76,"column":28}},"line":73},"11":{"name":"(anonymous_11)","decl":{"start":{"line":83,"column":32},"end":{"line":83,"column":33}},"loc":{"start":{"line":83,"column":39},"end":{"line":89,"column":24}},"line":83},"12":{"name":"(anonymous_12)","decl":{"start":{"line":85,"column":40},"end":{"line":85,"column":41}},"loc":{"start":{"line":85,"column":49},"end":{"line":88,"column":28}},"line":85},"13":{"name":"(anonymous_13)","decl":{"start":{"line":95,"column":32},"end":{"line":95,"column":33}},"loc":{"start":{"line":95,"column":39},"end":{"line":101,"column":24}},"line":95},"14":{"name":"(anonymous_14)","decl":{"start":{"line":97,"column":40},"end":{"line":97,"column":41}},"loc":{"start":{"line":97,"column":49},"end":{"line":100,"column":28}},"line":97}},"branchMap":{"0":{"loc":{"start":{"line":25,"column":16},"end":{"line":28,"column":17}},"type":"if","locations":[{"start":{"line":25,"column":16},"end":{"line":28,"column":17}},{"start":{},"end":{}}],"line":25}},"s":{"0":1,"1":1,"2":1,"3":1,"4":1,"5":1,"6":0,"7":0,"8":0,"9":0,"10":0,"11":0,"12":0,"13":0,"14":0,"15":0,"16":0,"17":0,"18":0,"19":0,"20":0,"21":0,"22":0,"23":0,"24":0,"25":0,"26":0,"27":0,"28":0,"29":0},"f":{"0":1,"1":1,"2":0,"3":0,"4":0,"5":0,"6":0,"7":0,"8":0,"9":0,"10":0,"11":0,"12":0,"13":0,"14":0},"b":{"0":[0,0]},"_coverageSchema":"1a1c01bbd47fc00a2c39e90264f33305004495a9","hash":"c1d3b0c8420291d846063d9283ce67ea17f0a17b"}
,"/home/idayat/SchoolProjects/M2_integration_et_déploiement/test-form-exemple/src/component/RegisteredList.jsx": {"path":"/home/idayat/SchoolProjects/M2_integration_et_déploiement/test-form-exemple/src/component/RegisteredList.jsx","statementMap":{"0":{"start":{"line":1,"column":30},"end":{"line":5,"column":1}},"1":{"start":{"line":2,"column":4},"end":{"line":4,"column":5}}},"fnMap":{"0":{"name":"(anonymous_0)","decl":{"start":{"line":1,"column":30},"end":{"line":1,"column":31}},"loc":{"start":{"line":1,"column":36},"end":{"line":5,"column":1}},"line":1}},"branchMap":{},"s":{"0":1,"1":1},"f":{"0":1},"b":{},"_coverageSchema":"1a1c01bbd47fc00a2c39e90264f33305004495a9","hash":"7d7e2474e375b30518a3ce21c5f8b74b16fd5b75"}
,"/home/idayat/SchoolProjects/M2_integration_et_déploiement/test-form-exemple/src/validator/validator.js": {"path":"/home/idayat/SchoolProjects/M2_integration_et_déploiement/test-form-exemple/src/validator/validator.js","statementMap":{"0":{"start":{"line":9,"column":4},"end":{"line":11,"column":5}},"1":{"start":{"line":10,"column":8},"end":{"line":10,"column":41}},"2":{"start":{"line":12,"column":17},"end":{"line":12,"column":43}},"3":{"start":{"line":13,"column":4},"end":{"line":15,"column":5}},"4":{"start":{"line":14,"column":8},"end":{"line":14,"column":62}},"5":{"start":{"line":16,"column":4},"end":{"line":16,"column":15}},"6":{"start":{"line":25,"column":19},"end":{"line":25,"column":61}},"7":{"start":{"line":26,"column":4},"end":{"line":26,"column":28}},"8":{"start":{"line":35,"column":4},"end":{"line":37,"column":5}},"9":{"start":{"line":36,"column":8},"end":{"line":36,"column":42}},"10":{"start":{"line":38,"column":4},"end":{"line":40,"column":5}},"11":{"start":{"line":39,"column":8},"end":{"line":39,"column":49}},"12":{"start":{"line":41,"column":19},"end":{"line":41,"column":56}},"13":{"start":{"line":42,"column":4},"end":{"line":42,"column":53}},"14":{"start":{"line":51,"column":4},"end":{"line":59,"column":5}},"15":{"start":{"line":52,"column":20},"end":{"line":52,"column":38}},"16":{"start":{"line":53,"column":8},"end":{"line":55,"column":9}},"17":{"start":{"line":54,"column":12},"end":{"line":54,"column":50}},"18":{"start":{"line":56,"column":8},"end":{"line":56,"column":19}},"19":{"start":{"line":58,"column":8},"end":{"line":58,"column":16}},"20":{"start":{"line":68,"column":23},"end":{"line":68,"column":51}},"21":{"start":{"line":69,"column":4},"end":{"line":71,"column":5}},"22":{"start":{"line":70,"column":8},"end":{"line":70,"column":45}},"23":{"start":{"line":72,"column":4},"end":{"line":72,"column":15}},"24":{"start":{"line":80,"column":19},"end":{"line":80,"column":31}},"25":{"start":{"line":81,"column":4},"end":{"line":83,"column":5}},"26":{"start":{"line":82,"column":8},"end":{"line":82,"column":51}},"27":{"start":{"line":91,"column":17},"end":{"line":91,"column":21}},"28":{"start":{"line":92,"column":4},"end":{"line":97,"column":6}},"29":{"start":{"line":93,"column":8},"end":{"line":96,"column":9}},"30":{"start":{"line":94,"column":12},"end":{"line":94,"column":26}},"31":{"start":{"line":95,"column":12},"end":{"line":95,"column":25}},"32":{"start":{"line":98,"column":4},"end":{"line":98,"column":17}},"33":{"start":{"line":102,"column":17},"end":{"line":102,"column":19}},"34":{"start":{"line":103,"column":4},"end":{"line":107,"column":5}},"35":{"start":{"line":104,"column":8},"end":{"line":104,"column":29}},"36":{"start":{"line":106,"column":8},"end":{"line":106,"column":30}},"37":{"start":{"line":108,"column":4},"end":{"line":112,"column":5}},"38":{"start":{"line":109,"column":8},"end":{"line":109,"column":33}},"39":{"start":{"line":111,"column":8},"end":{"line":111,"column":34}},"40":{"start":{"line":113,"column":4},"end":{"line":117,"column":5}},"41":{"start":{"line":114,"column":8},"end":{"line":114,"column":31}},"42":{"start":{"line":116,"column":8},"end":{"line":116,"column":32}},"43":{"start":{"line":118,"column":4},"end":{"line":122,"column":5}},"44":{"start":{"line":119,"column":8},"end":{"line":119,"column":32}},"45":{"start":{"line":121,"column":8},"end":{"line":121,"column":32}},"46":{"start":{"line":123,"column":4},"end":{"line":127,"column":5}},"47":{"start":{"line":124,"column":8},"end":{"line":124,"column":30}},"48":{"start":{"line":126,"column":8},"end":{"line":126,"column":31}},"49":{"start":{"line":128,"column":4},"end":{"line":132,"column":5}},"50":{"start":{"line":129,"column":8},"end":{"line":129,"column":36}},"51":{"start":{"line":131,"column":8},"end":{"line":131,"column":31}},"52":{"start":{"line":134,"column":4},"end":{"line":134,"column":18}}},"fnMap":{"0":{"name":"textIsValid","decl":{"start":{"line":8,"column":9},"end":{"line":8,"column":20}},"loc":{"start":{"line":8,"column":27},"end":{"line":17,"column":1}},"line":8},"1":{"name":"hasSpecialCharacters","decl":{"start":{"line":24,"column":9},"end":{"line":24,"column":29}},"loc":{"start":{"line":24,"column":36},"end":{"line":27,"column":1}},"line":24},"2":{"name":"calculateAge","decl":{"start":{"line":34,"column":9},"end":{"line":34,"column":21}},"loc":{"start":{"line":34,"column":28},"end":{"line":43,"column":1}},"line":34},"3":{"name":"dateIsValid","decl":{"start":{"line":50,"column":9},"end":{"line":50,"column":20}},"loc":{"start":{"line":50,"column":27},"end":{"line":60,"column":1}},"line":50},"4":{"name":"emailIsValid","decl":{"start":{"line":67,"column":9},"end":{"line":67,"column":21}},"loc":{"start":{"line":67,"column":29},"end":{"line":73,"column":1}},"line":67},"5":{"name":"postalCodeisValid","decl":{"start":{"line":79,"column":9},"end":{"line":79,"column":26}},"loc":{"start":{"line":79,"column":33},"end":{"line":84,"column":1}},"line":79},"6":{"name":"canSubmit","decl":{"start":{"line":90,"column":9},"end":{"line":90,"column":18}},"loc":{"start":{"line":90,"column":25},"end":{"line":99,"column":1}},"line":90},"7":{"name":"(anonymous_7)","decl":{"start":{"line":92,"column":18},"end":{"line":92,"column":19}},"loc":{"start":{"line":92,"column":28},"end":{"line":97,"column":5}},"line":92},"8":{"name":"formErrors","decl":{"start":{"line":101,"column":9},"end":{"line":101,"column":19}},"loc":{"start":{"line":101,"column":26},"end":{"line":135,"column":1}},"line":101}},"branchMap":{"0":{"loc":{"start":{"line":9,"column":4},"end":{"line":11,"column":5}},"type":"if","locations":[{"start":{"line":9,"column":4},"end":{"line":11,"column":5}},{"start":{},"end":{}}],"line":9},"1":{"loc":{"start":{"line":13,"column":4},"end":{"line":15,"column":5}},"type":"if","locations":[{"start":{"line":13,"column":4},"end":{"line":15,"column":5}},{"start":{},"end":{}}],"line":13},"2":{"loc":{"start":{"line":35,"column":4},"end":{"line":37,"column":5}},"type":"if","locations":[{"start":{"line":35,"column":4},"end":{"line":37,"column":5}},{"start":{},"end":{}}],"line":35},"3":{"loc":{"start":{"line":38,"column":4},"end":{"line":40,"column":5}},"type":"if","locations":[{"start":{"line":38,"column":4},"end":{"line":40,"column":5}},{"start":{},"end":{}}],"line":38},"4":{"loc":{"start":{"line":38,"column":8},"end":{"line":38,"column":46}},"type":"binary-expr","locations":[{"start":{"line":38,"column":8},"end":{"line":38,"column":31}},{"start":{"line":38,"column":35},"end":{"line":38,"column":46}}],"line":38},"5":{"loc":{"start":{"line":53,"column":8},"end":{"line":55,"column":9}},"type":"if","locations":[{"start":{"line":53,"column":8},"end":{"line":55,"column":9}},{"start":{},"end":{}}],"line":53},"6":{"loc":{"start":{"line":69,"column":4},"end":{"line":71,"column":5}},"type":"if","locations":[{"start":{"line":69,"column":4},"end":{"line":71,"column":5}},{"start":{},"end":{}}],"line":69},"7":{"loc":{"start":{"line":81,"column":4},"end":{"line":83,"column":5}},"type":"if","locations":[{"start":{"line":81,"column":4},"end":{"line":83,"column":5}},{"start":{},"end":{}}],"line":81},"8":{"loc":{"start":{"line":93,"column":8},"end":{"line":96,"column":9}},"type":"if","locations":[{"start":{"line":93,"column":8},"end":{"line":96,"column":9}},{"start":{},"end":{}}],"line":93}},"s":{"0":0,"1":0,"2":0,"3":0,"4":0,"5":0,"6":0,"7":0,"8":0,"9":0,"10":0,"11":0,"12":0,"13":0,"14":0,"15":0,"16":0,"17":0,"18":0,"19":0,"20":0,"21":0,"22":0,"23":0,"24":0,"25":0,"26":0,"27":1,"28":1,"29":1,"30":1,"31":1,"32":1,"33":0,"34":0,"35":0,"36":0,"37":0,"38":0,"39":0,"40":0,"41":0,"42":0,"43":0,"44":0,"45":0,"46":0,"47":0,"48":0,"49":0,"50":0,"51":0,"52":0},"f":{"0":0,"1":0,"2":0,"3":0,"4":0,"5":0,"6":1,"7":1,"8":0},"b":{"0":[0,0],"1":[0,0],"2":[0,0],"3":[0,0],"4":[0,0],"5":[0,0],"6":[0,0],"7":[0,0],"8":[1,0]},"_coverageSchema":"1a1c01bbd47fc00a2c39e90264f33305004495a9","hash":"787ee9929f90b016af68899091f8a8657553688d"}
}
