TN:
SF:src/App.js
FN:7,App
FNF:1
FNH:1
FNDA:1,App
DA:8,1
LF:1
LH:1
BRF:0
BRH:0
end_of_record
TN:
SF:src/setupTests.js
FNF:0
FNH:0
LF:0
LH:0
BRF:0
BRH:0
end_of_record
TN:
SF:src/component/FormError/FormError.jsx
FN:4,(anonymous_0)
FNF:1
FNH:1
FNDA:146,(anonymous_0)
DA:4,3
DA:5,146
DA:6,146
DA:7,1
LF:4
LH:4
BRDA:6,0,0,1
BRDA:6,0,1,145
BRF:2
BRH:2
end_of_record
TN:
SF:src/component/Formulaire/Formulaire.jsx
FN:7,(anonymous_0)
FN:18,(anonymous_1)
FN:24,(anonymous_2)
FN:42,(anonymous_3)
FN:44,(anonymous_4)
FN:57,(anonymous_5)
FN:59,(anonymous_6)
FN:72,(anonymous_7)
FN:74,(anonymous_8)
FN:87,(anonymous_9)
FN:89,(anonymous_10)
FN:102,(anonymous_11)
FN:104,(anonymous_12)
FN:117,(anonymous_13)
FN:119,(anonymous_14)
FNF:15
FNH:15
FNDA:39,(anonymous_0)
FNDA:22,(anonymous_1)
FNDA:1,(anonymous_2)
FNDA:3,(anonymous_3)
FNDA:3,(anonymous_4)
FNDA:3,(anonymous_5)
FNDA:3,(anonymous_6)
FNDA:3,(anonymous_7)
FNDA:3,(anonymous_8)
FNDA:3,(anonymous_9)
FNDA:3,(anonymous_10)
FNDA:2,(anonymous_11)
FNDA:2,(anonymous_12)
FNDA:3,(anonymous_13)
FNDA:3,(anonymous_14)
DA:7,2
DA:8,39
DA:16,39
DA:17,39
DA:18,39
DA:19,22
DA:22,39
DA:25,1
DA:26,1
DA:27,1
DA:28,0
DA:29,0
DA:30,0
DA:32,1
DA:33,1
DA:34,1
DA:43,3
DA:44,3
DA:58,3
DA:59,3
DA:73,3
DA:74,3
DA:88,3
DA:89,3
DA:103,2
DA:104,2
DA:118,3
DA:119,3
LF:28
LH:25
BRDA:27,0,0,0
BRDA:27,0,1,1
BRF:2
BRH:1
end_of_record
TN:
SF:src/component/RegisteredList/RegisteredList.jsx
FN:1,(anonymous_0)
FNF:1
FNH:1
FNDA:1,(anonymous_0)
DA:1,1
DA:2,1
LF:2
LH:2
BRF:0
BRH:0
end_of_record
TN:
SF:src/validator/validator.js
FN:9,textIsValid
FN:25,hasSpecialCharacters
FN:35,calculateAge
FN:52,dateIsValid
FN:69,emailIsValid
FN:81,postalCodeisValid
FN:92,canSubmit
FN:94,(anonymous_7)
FN:114,formErrors
FNF:9
FNH:9
FNDA:12,textIsValid
FNDA:12,hasSpecialCharacters
FNDA:9,calculateAge
FNDA:5,dateIsValid
FNDA:5,emailIsValid
FNDA:5,postalCodeisValid
FNDA:24,canSubmit
FNDA:66,(anonymous_7)
FNDA:3,formErrors
DA:10,12
DA:11,2
DA:13,10
DA:14,10
DA:15,3
DA:17,7
DA:26,12
DA:27,12
DA:36,9
DA:37,1
DA:39,8
DA:40,8
DA:41,1
DA:43,7
DA:44,7
DA:53,5
DA:54,5
DA:55,5
DA:56,2
DA:58,3
DA:60,2
DA:70,5
DA:71,5
DA:72,2
DA:74,3
DA:82,5
DA:83,5
DA:84,2
DA:93,24
DA:94,24
DA:95,66
DA:96,21
DA:97,21
DA:100,24
DA:115,3
DA:116,3
DA:117,3
DA:119,1
DA:121,3
DA:122,3
DA:124,1
DA:126,3
DA:127,3
DA:129,1
DA:131,3
DA:132,3
DA:134,1
DA:136,3
DA:137,3
DA:139,1
DA:141,3
DA:142,3
DA:144,1
DA:147,3
LF:54
LH:54
BRDA:10,0,0,2
BRDA:10,0,1,10
BRDA:14,1,0,3
BRDA:14,1,1,7
BRDA:36,2,0,1
BRDA:36,2,1,8
BRDA:40,3,0,1
BRDA:40,3,1,7
BRDA:40,4,0,8
BRDA:40,4,1,8
BRDA:55,5,0,2
BRDA:55,5,1,3
BRDA:71,6,0,2
BRDA:71,6,1,3
BRDA:83,7,0,2
BRDA:83,7,1,3
BRDA:95,8,0,21
BRDA:95,8,1,45
BRF:18
BRH:18
end_of_record
